<?xml version="1.0" encoding="UTF-8"?>
<!-- Generated by org.testng.reporters.JUnitReportReporter -->
<testsuite hostname="LAPTOP-5TE166I6" failures="0" tests="2" name="Module1_TestClass.Adactin_testClass" time="18.728" errors="0" timestamp="2023-09-26T11:58:53 IST" skipped="0">
  <testcase classname="Module1_TestClass.Adactin_testClass" name="VerifyTitle" time="11.822"/>
  <testcase classname="Module1_TestClass.Adactin_testClass" name="VerifyUsername" time="6.906"/>
</testsuite> <!-- Module1_TestClass.Adactin_testClass -->
